[2026-04-10 22:56:28,232] 1025 httpx INFO - HTTP Request: GET https://dagshub.com/api/v1/user "HTTP/1.1 200 OK"
[2026-04-10 22:56:28,234] 107 dagshub INFO - Accessing as ionfwsrijan
[2026-04-10 22:56:29,325] 1025 httpx INFO - HTTP Request: GET https://dagshub.com/api/v1/repos/ionfwsrijan/NetworkSecurity "HTTP/1.1 200 OK"
[2026-04-10 22:56:30,253] 1025 httpx INFO - HTTP Request: GET https://dagshub.com/api/v1/user "HTTP/1.1 200 OK"
[2026-04-10 22:56:30,281] 107 dagshub INFO - Initialized MLflow to track repo "ionfwsrijan/NetworkSecurity"
[2026-04-10 22:56:30,281] 107 dagshub INFO - Repository ionfwsrijan/NetworkSecurity initialized!
[2026-04-10 22:57:17,852] 42 root INFO - Start data Ingestion
[2026-04-10 22:57:25,260] 44 root INFO - Exporting data into feature store
[2026-04-10 22:57:25,296] 52 root INFO - Feature store file created
[2026-04-10 22:57:25,299] 61 root INFO - Performed train test split on the dataframe
[2026-04-10 22:57:25,299] 62 root INFO - Exited the split_data_as_train_test method of DataIngestion class
[2026-04-10 22:57:25,299] 67 root INFO - Exporting train and test file path
[2026-04-10 22:57:25,333] 72 root INFO - Exported train and test file path successfully
[2026-04-10 22:57:25,333] 45 root INFO - Data Ingestion completed and artifact: DataIngestionArtifact(trained_file_path='Artifacts\\04_10_2026_22_56_24\\data_ingestion\\ingested\\train.csv', test_file_path='Artifacts\\04_10_2026_22_56_24\\data_ingestion\\ingested\\test.csv')
[2026-04-10 22:57:25,337] 55 root INFO - Initiate the data Validation
[2026-04-10 22:57:25,424] 32 root INFO - Required number of columns:2
[2026-04-10 22:57:25,425] 33 root INFO - Data frame has columns:31
[2026-04-10 22:57:25,425] 32 root INFO - Required number of columns:2
[2026-04-10 22:57:25,425] 33 root INFO - Data frame has columns:31
[2026-04-10 22:57:25,515] 52 root INFO - Starting data transformation
[2026-04-10 22:57:25,529] 37 root INFO - Entered the get_data_transformer_object method of DataTransformation class
[2026-04-10 22:57:25,529] 40 root INFO - Initialise KNNImputer with parameters: {'missing_values': nan, 'n_neighbors': 3, 'weights': 'uniform'}
[2026-04-10 22:57:25,529] 44 root INFO - Initialised data transformer object
[2026-04-10 22:57:25,537] 40 root INFO - Entered the save_object method of MainUtils class
[2026-04-10 22:57:25,540] 44 root INFO - Exited the save_object method of MainUtils class
[2026-04-10 22:57:25,540] 40 root INFO - Entered the save_object method of MainUtils class
[2026-04-10 22:57:25,542] 44 root INFO - Exited the save_object method of MainUtils class
[2026-04-10 23:14:56,334] 50 root INFO - Entered the load_object method of MainUtils class
[2026-04-10 23:14:56,341] 40 root INFO - Entered the save_object method of MainUtils class
[2026-04-10 23:14:56,361] 44 root INFO - Exited the save_object method of MainUtils class
[2026-04-10 23:14:56,362] 40 root INFO - Entered the save_object method of MainUtils class
[2026-04-10 23:14:56,371] 44 root INFO - Exited the save_object method of MainUtils class
[2026-04-10 23:14:56,371] 113 root INFO - Model trainer artifact: ModelTrainerArtifact(trained_model_file_path='Artifacts\\04_10_2026_22_56_24\\model_trainer\\trained_model\\model.pkl', train_metric_artifact=ClassificationMetricArtifact(f1_score=0.9913131313131314, precision_score=0.9875226403702958, recall_score=0.995132833096735), test_metric_artifact=ClassificationMetricArtifact(f1_score=0.9737161342498989, precision_score=0.9655172413793104, recall_score=0.9820554649265906))
